<?xml version="1.0" encoding="UTF-8"?>
<testng-results ignored="0" total="2" passed="2" failed="0" skipped="0">
  <reporter-output>
  </reporter-output>
  <suite started-at="2023-02-19T00:05:56 IST" name="Default suite" finished-at="2023-02-19T00:06:05 IST" duration-ms="9042">
    <groups>
    </groups>
    <test started-at="2023-02-19T00:05:56 IST" name="Default test" finished-at="2023-02-19T00:06:05 IST" duration-ms="9042">
      <class name="GoRest.GorestApi">
        <test-method signature="createuser()[pri:0, instance:GoRest.GorestApi@7c1e2a9e]" started-at="2023-02-19T00:05:56 IST" name="createuser" finished-at="2023-02-19T00:06:04 IST" duration-ms="8567" status="PASS">
          <reporter-output>
          </reporter-output>
        </test-method> <!-- createuser -->
        <test-method signature="getuser()[pri:0, instance:GoRest.GorestApi@7c1e2a9e]" started-at="2023-02-19T00:06:04 IST" name="getuser" finished-at="2023-02-19T00:06:05 IST" depends-on-methods="GoRest.GorestApi.createuser" duration-ms="384" status="PASS">
          <reporter-output>
          </reporter-output>
        </test-method> <!-- getuser -->
      </class> <!-- GoRest.GorestApi -->
    </test> <!-- Default test -->
  </suite> <!-- Default suite -->
</testng-results>
